<?xml version="1.0" encoding="UTF-8"?>
<!-- Generated by org.testng.reporters.JUnitReportReporter -->
<testsuite skipped="0" hostname="DESKTOP-RNHMM6E" name="testcases.TC002CreateLeadUsingPOM" tests="2" failures="0" timestamp="17 Feb 2018 14:53:47 GMT" time="48.841" errors="0">
  <testcase name="loginAndLogout" time="24.274" classname="testcases.TC002CreateLeadUsingPOM"/>
  <testcase name="loginAndLogout" time="24.567" classname="testcases.TC002CreateLeadUsingPOM"/>
</testsuite> <!-- testcases.TC002CreateLeadUsingPOM -->
